File: \Accessible.tlb
File: \AccessibleMarshal.dll
File: \api-ms-win-core-console-l1-1-0.dll
File: \api-ms-win-core-datetime-l1-1-0.dll
File: \api-ms-win-core-debug-l1-1-0.dll
File: \api-ms-win-core-errorhandling-l1-1-0.dll
File: \api-ms-win-core-file-l1-1-0.dll
File: \api-ms-win-core-file-l1-2-0.dll
File: \api-ms-win-core-file-l2-1-0.dll
File: \api-ms-win-core-handle-l1-1-0.dll
File: \api-ms-win-core-heap-l1-1-0.dll
File: \api-ms-win-core-interlocked-l1-1-0.dll
File: \api-ms-win-core-libraryloader-l1-1-0.dll
File: \api-ms-win-core-localization-l1-2-0.dll
File: \api-ms-win-core-memory-l1-1-0.dll
File: \api-ms-win-core-namedpipe-l1-1-0.dll
File: \api-ms-win-core-processenvironment-l1-1-0.dll
File: \api-ms-win-core-processthreads-l1-1-0.dll
File: \api-ms-win-core-processthreads-l1-1-1.dll
File: \api-ms-win-core-profile-l1-1-0.dll
File: \api-ms-win-core-rtlsupport-l1-1-0.dll
File: \api-ms-win-core-string-l1-1-0.dll
File: \api-ms-win-core-synch-l1-1-0.dll
File: \api-ms-win-core-synch-l1-2-0.dll
File: \api-ms-win-core-sysinfo-l1-1-0.dll
File: \api-ms-win-core-timezone-l1-1-0.dll
File: \api-ms-win-core-util-l1-1-0.dll
File: \api-ms-win-crt-conio-l1-1-0.dll
File: \api-ms-win-crt-convert-l1-1-0.dll
File: \api-ms-win-crt-environment-l1-1-0.dll
File: \api-ms-win-crt-filesystem-l1-1-0.dll
File: \api-ms-win-crt-heap-l1-1-0.dll
File: \api-ms-win-crt-locale-l1-1-0.dll
File: \api-ms-win-crt-math-l1-1-0.dll
File: \api-ms-win-crt-multibyte-l1-1-0.dll
File: \api-ms-win-crt-private-l1-1-0.dll
File: \api-ms-win-crt-process-l1-1-0.dll
File: \api-ms-win-crt-runtime-l1-1-0.dll
File: \api-ms-win-crt-stdio-l1-1-0.dll
File: \api-ms-win-crt-string-l1-1-0.dll
File: \api-ms-win-crt-time-l1-1-0.dll
File: \api-ms-win-crt-utility-l1-1-0.dll
File: \application.ini
File: \breakpadinjector.dll
File: \chrome.manifest
File: \crashreporter.exe
File: \crashreporter.ini
File: \d3dcompiler_47.dll
File: \dependentlibs.list
File: \firefox.exe
File: \firefox.VisualElementsManifest.xml
File: \freebl3.chk
File: \freebl3.dll
File: \IA2Marshal.dll
File: \lgpllibs.dll
File: \libEGL.dll
File: \libGLESv2.dll
File: \maintenanceservice.exe
File: \maintenanceservice_installer.exe
File: \minidump-analyzer.exe
File: \mozavcodec.dll
File: \mozavutil.dll
File: \mozglue.dll
File: \msvcp140.dll
File: \nss3.dll
File: \nssckbi.dll
File: \nssdbm3.chk
File: \nssdbm3.dll
File: \omni.ja
File: \pingsender.exe
File: \platform.ini
File: \plugin-container.exe
File: \plugin-hang-ui.exe
File: \precomplete
File: \qipcap.dll
File: \removed-files
File: \softokn3.chk
File: \softokn3.dll
File: \ucrtbase.dll
File: \update-settings.ini
File: \updater.exe
File: \updater.ini
File: \vcruntime140.dll
File: \voucher.bin
File: \xul.dll
File: \uninstall\helper.exe
File: \gmp-clearkey\0.1\clearkey.dll
File: \gmp-clearkey\0.1\manifest.json
File: \fonts\EmojiOneMozilla.ttf
File: \distribution\distribution.ini
File: \distribution\searchplugins\locale\zh-CN\amazondotcn.xml
File: \distribution\searchplugins\locale\zh-CN\baidu.xml
File: \distribution\searchplugins\locale\zh-CN\dangdang.xml
File: \distribution\searchplugins\locale\zh-CN\taobao.xml
File: \distribution\searchplugins\locale\zh-CN\youdao.xml
File: \distribution\myextensions\cehomepage@mozillaonline.com.xpi
File: \distribution\myextensions\config.ini
File: \distribution\myextensions\cpmanager@mozillaonline.com.xpi
File: \distribution\myextensions\installdate.ini
File: \distribution\extensions\cpmanager@mozillaonline.com.xpi
File: \distribution\extensions\cehomepage@mozillaonline.com\chrome.manifest
File: \distribution\extensions\cehomepage@mozillaonline.com\install.rdf
File: \distribution\extensions\cehomepage@mozillaonline.com\searchplugins\amazondotcn.xml
File: \distribution\extensions\cehomepage@mozillaonline.com\searchplugins\baidu.xml
File: \distribution\extensions\cehomepage@mozillaonline.com\searchplugins\google.xml
File: \distribution\extensions\cehomepage@mozillaonline.com\searchplugins\taobao.xml
File: \distribution\extensions\cehomepage@mozillaonline.com\META-INF\manifest.mf
File: \distribution\extensions\cehomepage@mozillaonline.com\META-INF\mozilla.rsa
File: \distribution\extensions\cehomepage@mozillaonline.com\META-INF\mozilla.sf
File: \distribution\extensions\cehomepage@mozillaonline.com\defaults\preferences\ntab.js
File: \distribution\extensions\cehomepage@mozillaonline.com\defaults\preferences\pref.js
File: \distribution\extensions\cehomepage@mozillaonline.com\components\aboutCEHome.js
File: \distribution\extensions\cehomepage@mozillaonline.com\components\aboutNTab.js
File: \distribution\extensions\cehomepage@mozillaonline.com\components\cehpUpdateParam.js
File: \distribution\extensions\cehomepage@mozillaonline.com\components\mozCNUtils.js
File: \distribution\extensions\cehomepage@mozillaonline.com\chrome_promo\skin\alert.css
File: \distribution\extensions\cehomepage@mozillaonline.com\chrome_promo\skin\browser.css
File: \distribution\extensions\cehomepage@mozillaonline.com\chrome_promo\skin\close.png
File: \distribution\extensions\cehomepage@mozillaonline.com\chrome_promo\skin\p1411.png
File: \distribution\extensions\cehomepage@mozillaonline.com\chrome_promo\modules\Promo.jsm
File: \distribution\extensions\cehomepage@mozillaonline.com\chrome_promo\locale\zh-CN\promo.dtd
File: \distribution\extensions\cehomepage@mozillaonline.com\chrome_promo\locale\zh-CN\promo.properties
File: \distribution\extensions\cehomepage@mozillaonline.com\chrome_promo\locale\en-US\promo.dtd
File: \distribution\extensions\cehomepage@mozillaonline.com\chrome_promo\locale\en-US\promo.properties
File: \distribution\extensions\cehomepage@mozillaonline.com\chrome_promo\content\alert-overlay.xul
File: \distribution\extensions\cehomepage@mozillaonline.com\chrome_promo\content\browser-overlay.xul
File: \distribution\extensions\cehomepage@mozillaonline.com\chrome_ntab\skin\delayed-suggest-baidu.png
File: \distribution\extensions\cehomepage@mozillaonline.com\chrome_ntab\skin\overlay.css
File: \distribution\extensions\cehomepage@mozillaonline.com\chrome_ntab\skin\logo\firefox.ico
File: \distribution\extensions\cehomepage@mozillaonline.com\chrome_ntab\modules\mozCNUtils.jsm
File: \distribution\extensions\cehomepage@mozillaonline.com\chrome_ntab\modules\NTabDB.jsm
File: \distribution\extensions\cehomepage@mozillaonline.com\chrome_ntab\modules\NTabSync.jsm
File: \distribution\extensions\cehomepage@mozillaonline.com\chrome_ntab\modules\PartnerBookmarks.jsm
File: \distribution\extensions\cehomepage@mozillaonline.com\chrome_ntab\modules\QuickDialData.jsm
File: \distribution\extensions\cehomepage@mozillaonline.com\chrome_ntab\modules\Tracking.jsm
File: \distribution\extensions\cehomepage@mozillaonline.com\chrome_ntab\modules\quickdialdata\jxtel.json
File: \distribution\extensions\cehomepage@mozillaonline.com\chrome_ntab\modules\quickdialdata\master-ii.json
File: \distribution\extensions\cehomepage@mozillaonline.com\chrome_ntab\modules\quickdialdata\netease_mail.json
File: \distribution\extensions\cehomepage@mozillaonline.com\chrome_ntab\modules\quickdialdata\yazuo.json
File: \distribution\extensions\cehomepage@mozillaonline.com\chrome_ntab\modules\offlintab-cache\data\sites.json
File: \distribution\extensions\cehomepage@mozillaonline.com\chrome_ntab\locale\zh-CN\ntab.dtd
File: \distribution\extensions\cehomepage@mozillaonline.com\chrome_ntab\locale\zh-CN\ntab.properties
File: \distribution\extensions\cehomepage@mozillaonline.com\chrome_ntab\locale\zh-CN\options.dtd
File: \distribution\extensions\cehomepage@mozillaonline.com\chrome_ntab\locale\zh-CN\overlay.dtd
File: \distribution\extensions\cehomepage@mozillaonline.com\chrome_ntab\locale\zh-CN\overlay.properties
File: \distribution\extensions\cehomepage@mozillaonline.com\chrome_ntab\locale\zh-CN\sync.dtd
File: \distribution\extensions\cehomepage@mozillaonline.com\chrome_ntab\locale\zh-CN\sync.properties
File: \distribution\extensions\cehomepage@mozillaonline.com\chrome_ntab\locale\en-US\ntab.dtd
File: \distribution\extensions\cehomepage@mozillaonline.com\chrome_ntab\locale\en-US\ntab.properties
File: \distribution\extensions\cehomepage@mozillaonline.com\chrome_ntab\locale\en-US\options.dtd
File: \distribution\extensions\cehomepage@mozillaonline.com\chrome_ntab\locale\en-US\overlay.dtd
File: \distribution\extensions\cehomepage@mozillaonline.com\chrome_ntab\locale\en-US\overlay.properties
File: \distribution\extensions\cehomepage@mozillaonline.com\chrome_ntab\locale\en-US\sync.dtd
File: \distribution\extensions\cehomepage@mozillaonline.com\chrome_ntab\locale\en-US\sync.properties
File: \distribution\extensions\cehomepage@mozillaonline.com\chrome_ntab\content\backgroundPageThumbsContent.js
File: \distribution\extensions\cehomepage@mozillaonline.com\chrome_ntab\content\config-overlay.js
File: \distribution\extensions\cehomepage@mozillaonline.com\chrome_ntab\content\config-overlay.xul
File: \distribution\extensions\cehomepage@mozillaonline.com\chrome_ntab\content\ff-overlay.xul
File: \distribution\extensions\cehomepage@mozillaonline.com\chrome_ntab\content\moa.js
File: \distribution\extensions\cehomepage@mozillaonline.com\chrome_ntab\content\mozCNWebChannelContent.js
File: \distribution\extensions\cehomepage@mozillaonline.com\chrome_ntab\content\ntabContent.js
File: \distribution\extensions\cehomepage@mozillaonline.com\chrome_ntab\content\options.xul
File: \distribution\extensions\cehomepage@mozillaonline.com\chrome_ntab\content\overlay.js
File: \distribution\extensions\cehomepage@mozillaonline.com\chrome_ntab\content\preferences-sync.js
File: \distribution\extensions\cehomepage@mozillaonline.com\chrome_ntab\content\preferences-sync.xul
File: \distribution\extensions\cehomepage@mozillaonline.com\chrome_ntab\content\sendlink.js
File: \distribution\extensions\cehomepage@mozillaonline.com\chrome_ntab\content\sync-customize.js
File: \distribution\extensions\cehomepage@mozillaonline.com\chrome_ntab\content\sync-customize.xul
File: \distribution\extensions\cehomepage@mozillaonline.com\chrome_ntab\content\webChannelContent.js
File: \distribution\extensions\cehomepage@mozillaonline.com\chrome_errorpage\skin\overlay.css
File: \distribution\extensions\cehomepage@mozillaonline.com\chrome_errorpage\skin\logo\errorLogo.png
File: \distribution\extensions\cehomepage@mozillaonline.com\chrome_errorpage\skin\logo\icons.png
File: \distribution\extensions\cehomepage@mozillaonline.com\chrome_errorpage\locale\zh-CN\overlay.properties
File: \distribution\extensions\cehomepage@mozillaonline.com\chrome_errorpage\locale\en-US\overlay.properties
File: \distribution\extensions\cehomepage@mozillaonline.com\chrome_errorpage\content\ceerrorpage.js
File: \distribution\extensions\cehomepage@mozillaonline.com\chrome\locale\zh-CN\cehomepage.properties
File: \distribution\extensions\cehomepage@mozillaonline.com\chrome\locale\en-US\cehomepage.properties
File: \distribution\extensions\cehomepage@mozillaonline.com\chrome\content\aboutHome.xul
File: \defaults\pref\channel-prefs.js
File: \browser\blocklist.xml
File: \browser\chrome.manifest
File: \browser\crashreporter-override.ini
File: \browser\omni.ja
File: \browser\VisualElements\VisualElements_150.png
File: \browser\VisualElements\VisualElements_70.png
File: \browser\features\aushelper@mozilla.org.xpi
File: \browser\features\e10srollout@mozilla.org.xpi
File: \browser\features\firefox@getpocket.com.xpi
File: \browser\features\screenshots@mozilla.org.xpi
File: \browser\features\webcompat@mozilla.org.xpi
File: \browser\extensions\{972ce4c6-7e08-4474-a285-3208198ce6fd}.xpi
DLLReg: \AccessibleMarshal.dll
